TN:
SF:C:\Users\drtnb\Documents\GitHub\frontcamp\8.1.Unit_tests\src\polyfills.ts
FNF:0
FNH:0
LF:0
LH:0
BRF:0
BRH:0
end_of_record
TN:
SF:C:\Users\drtnb\Documents\GitHub\frontcamp\8.1.Unit_tests\src\test.ts
FNF:0
FNH:0
DA:13,1
DA:18,1
DA:20,1
LF:3
LH:3
BRF:0
BRH:0
end_of_record
TN:
SF:C:\Users\drtnb\Documents\GitHub\frontcamp\8.1.Unit_tests\src\app\DetailsParams.ts
FN:1,(anonymous_0)
FNF:1
FNH:1
FNDA:4,(anonymous_0)
DA:1,1
DA:5,1
LF:2
LH:2
BRF:0
BRH:0
end_of_record
TN:
SF:C:\Users\drtnb\Documents\GitHub\frontcamp\8.1.Unit_tests\src\app\app.component.ts
FN:9,AppComponent
FNF:1
FNH:1
FNDA:1,AppComponent
DA:9,1
DA:10,1
LF:2
LH:2
BRF:0
BRH:0
end_of_record
TN:
SF:C:\Users\drtnb\Documents\GitHub\frontcamp\8.1.Unit_tests\src\app\call.service.ts
FN:14,CallService
FN:17,(anonymous_2)
FN:20,(anonymous_3)
FN:22,(anonymous_4)
FNF:4
FNH:2
FNDA:11,CallService
FNDA:10,(anonymous_2)
FNDA:0,(anonymous_3)
FNDA:0,(anonymous_4)
DA:12,1
DA:13,11
DA:14,11
DA:17,1
DA:18,10
DA:22,0
DA:24,0
DA:26,0
DA:28,0
DA:31,0
DA:37,1
LF:11
LH:6
BRF:0
BRH:0
end_of_record
TN:
SF:C:\Users\drtnb\Documents\GitHub\frontcamp\8.1.Unit_tests\src\app\creat-guid.ts
FN:1,(anonymous_0)
FN:2,(anonymous_2)
FN:3,(anonymous_3)
FNF:3
FNH:3
FNDA:2,(anonymous_0)
FNDA:245,(anonymous_2)
FNDA:7595,(anonymous_3)
DA:1,1
DA:2,1
DA:3,245
DA:4,7595
DA:5,7595
DA:8,1
LF:6
LH:6
BRDA:4,0,0,7350
BRDA:4,0,1,245
BRF:2
BRH:2
end_of_record
TN:
SF:C:\Users\drtnb\Documents\GitHub\frontcamp\8.1.Unit_tests\src\app\data-provider.service.ts
FN:11,DataProviderService
FN:14,(anonymous_2)
FN:15,(anonymous_3)
FNF:3
FNH:3
FNDA:10,DataProviderService
FNDA:9,(anonymous_2)
FNDA:243,(anonymous_3)
DA:9,1
DA:14,1
DA:15,9
DA:17,243
DA:18,243
DA:19,243
DA:20,243
DA:21,243
DA:22,243
DA:23,243
DA:24,243
DA:25,243
DA:27,0
DA:32,1
LF:14
LH:13
BRF:0
BRH:0
end_of_record
TN:
SF:C:\Users\drtnb\Documents\GitHub\frontcamp\8.1.Unit_tests\src\app\data.service.stub.ts
FN:12,DataServiceStub
FN:18,(anonymous_2)
FNF:2
FNH:2
FNDA:8,DataServiceStub
FNDA:16,(anonymous_2)
DA:10,1
DA:12,8
DA:13,8
DA:14,8
DA:15,8
DA:18,1
DA:19,16
DA:21,1
LF:8
LH:8
BRDA:13,0,0,8
BRDA:13,0,1,8
BRF:2
BRH:2
end_of_record
TN:
SF:C:\Users\drtnb\Documents\GitHub\frontcamp\8.1.Unit_tests\src\app\data.service.ts
FN:16,DataService
FN:22,(anonymous_2)
FN:29,(anonymous_3)
FN:37,(anonymous_4)
FN:39,(anonymous_5)
FN:42,(anonymous_6)
FN:46,(anonymous_7)
FN:50,(anonymous_8)
FN:54,(anonymous_9)
FN:55,(anonymous_10)
FN:61,(anonymous_11)
FN:62,(anonymous_12)
FN:63,(anonymous_13)
FN:68,(anonymous_14)
FN:70,(anonymous_15)
FN:71,(anonymous_16)
FN:76,(anonymous_17)
FN:77,(anonymous_18)
FN:80,(anonymous_19)
FN:81,(anonymous_20)
FNF:20
FNH:18
FNDA:17,DataService
FNDA:9,(anonymous_2)
FNDA:8,(anonymous_3)
FNDA:9,(anonymous_4)
FNDA:0,(anonymous_5)
FNDA:0,(anonymous_6)
FNDA:1,(anonymous_7)
FNDA:7,(anonymous_8)
FNDA:1,(anonymous_9)
FNDA:2,(anonymous_10)
FNDA:2,(anonymous_11)
FNDA:29,(anonymous_12)
FNDA:29,(anonymous_13)
FNDA:1,(anonymous_14)
FNDA:1,(anonymous_15)
FNDA:2,(anonymous_16)
FNDA:5,(anonymous_17)
FNDA:84,(anonymous_18)
FNDA:2,(anonymous_19)
FNDA:29,(anonymous_20)
DA:10,1
DA:13,17
DA:14,17
DA:16,17
DA:18,17
DA:22,1
DA:24,9
DA:25,9
DA:29,1
DA:31,4
DA:33,4
DA:37,9
DA:38,9
DA:40,0
DA:42,0
DA:46,1
DA:47,1
DA:50,10
DA:51,7
DA:54,2
DA:55,1
DA:56,2
DA:58,1
DA:61,1
DA:62,29
DA:64,29
DA:68,1
DA:70,1
DA:71,2
DA:72,1
DA:73,1
DA:76,1
DA:77,84
DA:80,1
DA:81,29
DA:83,1
LF:36
LH:34
BRDA:30,0,0,8
BRDA:30,0,1,4
BRDA:50,1,0,3
BRDA:50,1,1,4
BRDA:54,2,0,1
BRDA:54,2,1,0
BRF:6
BRH:5
end_of_record
TN:
SF:C:\Users\drtnb\Documents\GitHub\frontcamp\8.1.Unit_tests\src\app\filter.pipe.ts
FN:7,FilterPipe
FN:9,(anonymous_2)
FN:10,(anonymous_3)
FNF:3
FNH:3
FNDA:5,FilterPipe
FNDA:7,(anonymous_2)
FNDA:23,(anonymous_3)
DA:7,1
DA:9,1
DA:10,7
DA:11,23
DA:16,1
LF:5
LH:5
BRDA:11,0,0,23
BRDA:11,0,1,6
BRF:2
BRH:2
end_of_record
TN:
SF:C:\Users\drtnb\Documents\GitHub\frontcamp\8.1.Unit_tests\src\app\news.ts
FN:3,(anonymous_0)
FN:13,News
FNF:2
FNH:2
FNDA:1,(anonymous_0)
FNDA:243,News
DA:3,1
DA:14,243
DA:16,1
LF:3
LH:3
BRF:0
BRH:0
end_of_record
TN:
SF:C:\Users\drtnb\Documents\GitHub\frontcamp\8.1.Unit_tests\src\app\source.ts
FN:1,(anonymous_0)
FN:5,Source
FNF:2
FNH:2
FNDA:1,(anonymous_0)
FNDA:243,Source
DA:1,1
DA:6,243
DA:7,243
DA:9,1
LF:4
LH:4
BRF:0
BRH:0
end_of_record
TN:
SF:C:\Users\drtnb\Documents\GitHub\frontcamp\8.1.Unit_tests\src\app\footer\footer.component.ts
FN:13,FooterComponent
FN:19,(anonymous_2)
FNF:2
FNH:2
FNDA:1,FooterComponent
FNDA:1,(anonymous_2)
DA:8,1
DA:14,1
DA:15,1
DA:16,1
DA:19,1
DA:21,1
LF:6
LH:6
BRF:0
BRH:0
end_of_record
TN:
SF:C:\Users\drtnb\Documents\GitHub\frontcamp\8.1.Unit_tests\src\app\header\header.component.ts
FN:13,HeaderComponent
FN:16,(anonymous_2)
FN:17,(anonymous_3)
FNF:3
FNH:3
FNDA:1,HeaderComponent
FNDA:1,(anonymous_2)
FNDA:1,(anonymous_3)
DA:10,1
DA:13,1
DA:16,1
DA:17,1
DA:19,1
LF:5
LH:5
BRF:0
BRH:0
end_of_record
TN:
SF:C:\Users\drtnb\Documents\GitHub\frontcamp\8.1.Unit_tests\src\app\load-more\load-more.component.ts
FN:11,LoadMoreComponent
FN:13,(anonymous_2)
FN:16,(anonymous_3)
FNF:3
FNH:3
FNDA:2,LoadMoreComponent
FNDA:2,(anonymous_2)
FNDA:1,(anonymous_3)
DA:8,1
DA:9,2
DA:13,1
DA:16,1
DA:17,1
DA:18,1
DA:20,1
LF:7
LH:7
BRF:0
BRH:0
end_of_record
TN:
SF:C:\Users\drtnb\Documents\GitHub\frontcamp\8.1.Unit_tests\src\app\news\news.component.ts
FN:17,NewsComponent
FN:20,(anonymous_2)
FN:28,(anonymous_3)
FN:32,(anonymous_4)
FN:36,(anonymous_5)
FN:39,(anonymous_6)
FN:43,(anonymous_7)
FN:44,(anonymous_8)
FNF:8
FNH:4
FNDA:2,NewsComponent
FNDA:0,(anonymous_2)
FNDA:0,(anonymous_3)
FNDA:0,(anonymous_4)
FNDA:0,(anonymous_5)
FNDA:1,(anonymous_6)
FNDA:2,(anonymous_7)
FNDA:2,(anonymous_8)
DA:10,1
DA:11,2
DA:14,2
DA:15,2
DA:17,2
DA:20,1
DA:21,0
DA:22,0
DA:23,0
DA:24,0
DA:25,0
DA:28,1
DA:29,0
DA:32,1
DA:33,0
DA:36,1
DA:37,0
DA:39,1
DA:40,1
DA:43,2
DA:44,2
DA:46,1
LF:22
LH:14
BRF:0
BRH:0
end_of_record
TN:
SF:C:\Users\drtnb\Documents\GitHub\frontcamp\8.1.Unit_tests\src\app\news-details\news-details.component.ts
FN:35,NewsDetailsComponent
FN:39,(anonymous_2)
FN:52,(anonymous_3)
FN:65,(anonymous_4)
FNF:4
FNH:3
FNDA:1,NewsDetailsComponent
FNDA:0,(anonymous_2)
FNDA:1,(anonymous_3)
FNDA:1,(anonymous_4)
DA:13,1
DA:14,1
DA:16,1
DA:17,1
DA:18,1
DA:19,1
DA:20,1
DA:21,1
DA:22,1
DA:23,1
DA:24,1
DA:35,1
DA:36,1
DA:39,1
DA:42,0
DA:43,0
DA:44,0
DA:46,0
DA:47,0
DA:48,0
DA:52,1
DA:54,0
DA:55,0
DA:56,0
DA:57,0
DA:58,0
DA:59,0
DA:60,0
DA:61,0
DA:65,1
DA:66,1
DA:67,1
DA:68,1
DA:70,1
LF:34
LH:20
BRDA:41,0,0,0
BRDA:41,0,1,0
BRF:2
BRH:0
end_of_record
TN:
SF:C:\Users\drtnb\Documents\GitHub\frontcamp\8.1.Unit_tests\src\app\news-overview\news-overview.component.ts
FN:17,NewsOverviewComponent
FN:20,(anonymous_2)
FN:28,(anonymous_3)
FN:33,(anonymous_4)
FNF:4
FNH:3
FNDA:2,NewsOverviewComponent
FNDA:1,(anonymous_2)
FNDA:0,(anonymous_3)
FNDA:2,(anonymous_4)
DA:11,1
DA:14,1
DA:15,2
DA:17,2
DA:20,1
DA:21,1
DA:22,1
DA:23,1
DA:24,1
DA:25,1
DA:28,1
DA:29,0
DA:30,0
DA:33,1
DA:34,2
DA:36,1
LF:16
LH:14
BRF:0
BRH:0
end_of_record
TN:
SF:C:\Users\drtnb\Documents\GitHub\frontcamp\8.1.Unit_tests\src\app\pipe-main\pipe-main.module.ts
FN:12,PipeMainModule
FNF:1
FNH:1
FNDA:3,PipeMainModule
DA:12,1
LF:1
LH:1
BRF:0
BRH:0
end_of_record
TN:
SF:C:\Users\drtnb\Documents\GitHub\frontcamp\8.1.Unit_tests\src\app\result-list\result-list.component.ts
FN:22,ResultListComponent
FN:25,(anonymous_2)
FN:33,(anonymous_3)
FN:37,(anonymous_4)
FN:45,(anonymous_5)
FN:50,(anonymous_6)
FN:54,(anonymous_7)
FN:59,(anonymous_8)
FN:69,(anonymous_9)
FNF:9
FNH:6
FNDA:3,ResultListComponent
FNDA:1,(anonymous_2)
FNDA:0,(anonymous_3)
FNDA:1,(anonymous_4)
FNDA:1,(anonymous_5)
FNDA:1,(anonymous_6)
FNDA:0,(anonymous_7)
FNDA:0,(anonymous_8)
FNDA:3,(anonymous_9)
DA:11,1
DA:12,1
DA:13,1
DA:14,3
DA:15,3
DA:18,3
DA:20,3
DA:22,3
DA:25,1
DA:27,1
DA:29,0
DA:33,1
DA:34,0
DA:37,1
DA:38,1
DA:39,1
DA:40,1
DA:41,1
DA:42,1
DA:45,1
DA:46,1
DA:47,1
DA:50,1
DA:51,1
DA:54,1
DA:55,0
DA:56,0
DA:59,1
DA:62,0
DA:63,0
DA:64,0
DA:69,1
DA:70,3
DA:71,3
DA:72,3
DA:73,3
DA:75,1
LF:37
LH:30
BRDA:25,0,0,0
BRDA:25,0,1,1
BRF:2
BRH:1
end_of_record
